<?xml version="1.0" encoding="UTF-8"?>
<!-- Generated by org.testng.reporters.JUnitXMLReporter -->
<testsuite hostname="Avadhoot-PC" ignored="2" name="Vtiger" tests="1" failures="1" timestamp="17 Jan 2018 05:13:12 GMT" time="7.775" errors="0">
  <testcase name="createcontact" time="0.02" classname="vTiger_PracticeTests.Homepage">
    <failure type="java.lang.NullPointerException">
      <![CDATA[java.lang.NullPointerExceptionat vTiger_PracticeTests.Homepage.createcontact(Homepage.java:20)... Removed 25 stack frames]]>
    </failure>
  </testcase> <!-- createcontact -->
  <testcase name="@BeforeTest SetUp" time="0.0" classname="vTiger_PracticeTests.Loginpage">
    <ignored/>
  </testcase> <!-- @BeforeTest SetUp -->
  <testcase name="@AfterTest teardown" time="0.0" classname="vTiger_PracticeTests.Loginpage">
    <ignored/>
  </testcase> <!-- @AfterTest teardown -->
</testsuite> <!-- Vtiger -->
