<?xml version="1.0" encoding="UTF-8"?>
<!-- Generated by org.testng.reporters.JUnitXMLReporter -->
<testsuite hostname="Avadhoot-PC" ignored="0" name="Test" tests="11" failures="0" timestamp="09 Feb 2018 05:31:58 GMT" time="77.614" errors="0">
  <testcase name="verifylogintitle" time="0.042" classname="vTiger_PracticeTests.Loginpage"/>
  <testcase name="verifylogo" time="0.271" classname="vTiger_PracticeTests.Loginpage"/>
  <testcase name="invalidcredentials" time="1.521" classname="vTiger_PracticeTests.Loginpage"/>
  <testcase name="validcredentialslogin" time="6.959" classname="vTiger_PracticeTests.Loginpage"/>
  <testcase name="validcredentialslogin" time="3.411" classname="vTiger_PracticeTests.Loginpage"/>
  <testcase name="validcredentialslogin" time="3.441" classname="vTiger_PracticeTests.Loginpage"/>
  <testcase name="createcontact" time="9.04" classname="vTiger_PracticeTests.Loginpage"/>
  <testcase name="createlead" time="7.675" classname="vTiger_PracticeTests.Loginpage"/>
  <testcase name="newaccount" time="7.124" classname="vTiger_PracticeTests.Loginpage"/>
  <testcase name="newticket" time="19.229" classname="vTiger_PracticeTests.Loginpage"/>
  <testcase name="newfaq" time="9.421" classname="vTiger_PracticeTests.Loginpage"/>
</testsuite> <!-- Test -->
